[debug] [2022-08-30T10:38:44.972Z] ----------------------------------------------------------------------
[debug] [2022-08-30T10:38:44.975Z] Command:       C:\Program Files\nodejs\node.exe C:\Users\BELDORE TECHNOLOGIES\Desktop\idea-pool\server\node_modules\firebase-tools\lib\bin\firebase.js init hosting
[debug] [2022-08-30T10:38:44.975Z] CLI Version:   11.8.0
[debug] [2022-08-30T10:38:44.976Z] Platform:      win32
[debug] [2022-08-30T10:38:44.976Z] Node Version:  v16.13.1
[debug] [2022-08-30T10:38:44.977Z] Time:          Tue Aug 30 2022 03:38:44 GMT-0700 (Pacific Daylight Time)
[debug] [2022-08-30T10:38:44.977Z] ----------------------------------------------------------------------
[debug] 
[debug] [2022-08-30T10:38:44.990Z] > command requires scopes: ["email","openid","https://www.googleapis.com/auth/cloudplatformprojects.readonly","https://www.googleapis.com/auth/firebase","https://www.googleapis.com/auth/cloud-platform"]
[debug] [2022-08-30T10:38:44.991Z] > authorizing via signed-in user (ibrahimsaibu2010@gmail.com)
[info] 
     ######## #### ########  ######## ########     ###     ######  ########
     ##        ##  ##     ## ##       ##     ##  ##   ##  ##       ##
     ######    ##  ########  ######   ########  #########  ######  ######
     ##        ##  ##    ##  ##       ##     ## ##     ##       ## ##
     ##       #### ##     ## ######## ########  ##     ##  ######  ########

You're about to initialize a Firebase project in this directory:

  C:\Users\BELDORE TECHNOLOGIES\Desktop\idea-pool\server

[info] 
=== Project Setup
[info] 
[info] First, let's associate this project directory with a Firebase project.
[info] You can create multiple project aliases by running firebase use --add, 
[info] but for now we'll just set up a default project.
[info] 
[info] i  If you want to create a project in a Google Cloud organization or folder, please use "firebase projects:create" instead, and return to this command when you've created the project. 
[debug] [2022-08-30T10:40:32.785Z] >>> [apiv2][query] POST https://cloudresourcemanager.googleapis.com/v1/projects [none]
[debug] [2022-08-30T10:40:32.786Z] >>> [apiv2][body] POST https://cloudresourcemanager.googleapis.com/v1/projects {"projectId":"ideapool","name":"nodeIdeapool"}
[debug] [2022-08-30T10:40:34.709Z] <<< [apiv2][status] POST https://cloudresourcemanager.googleapis.com/v1/projects 200
[debug] [2022-08-30T10:40:34.709Z] <<< [apiv2][body] POST https://cloudresourcemanager.googleapis.com/v1/projects {"name":"operations/cp.8720428057178004362"}
[debug] [2022-08-30T10:40:34.711Z] >>> [apiv2][query] GET https://cloudresourcemanager.googleapis.com/v1/operations/cp.8720428057178004362 [none]
[debug] [2022-08-30T10:40:36.242Z] <<< [apiv2][status] GET https://cloudresourcemanager.googleapis.com/v1/operations/cp.8720428057178004362 200
[debug] [2022-08-30T10:40:36.242Z] <<< [apiv2][body] GET https://cloudresourcemanager.googleapis.com/v1/operations/cp.8720428057178004362 {"name":"operations/cp.8720428057178004362"}
[debug] [2022-08-30T10:40:36.747Z] [Project Creation Poller] Retrying task index 0
[debug] [2022-08-30T10:40:36.748Z] >>> [apiv2][query] GET https://cloudresourcemanager.googleapis.com/v1/operations/cp.8720428057178004362 [none]
[debug] [2022-08-30T10:40:38.242Z] <<< [apiv2][status] GET https://cloudresourcemanager.googleapis.com/v1/operations/cp.8720428057178004362 200
[debug] [2022-08-30T10:40:38.242Z] <<< [apiv2][body] GET https://cloudresourcemanager.googleapis.com/v1/operations/cp.8720428057178004362 {"name":"operations/cp.8720428057178004362","metadata":{"@type":"type.googleapis.com/google.cloudresourcemanager.v1.ProjectCreationStatus","gettable":true,"ready":true},"done":true,"response":{"@type":"type.googleapis.com/google.cloudresourcemanager.v1.Project","projectNumber":"618819537689","projectId":"ideapool","lifecycleState":"ACTIVE","name":"nodeIdeapool","createTime":"2022-08-30T10:40:33.346Z"}}
[debug] [2022-08-30T10:40:38.244Z] >>> [apiv2][query] POST https://firebase.googleapis.com/v1beta1/projects/ideapool:addFirebase [none]
[debug] [2022-08-30T10:40:41.289Z] <<< [apiv2][status] POST https://firebase.googleapis.com/v1beta1/projects/ideapool:addFirebase 200
[debug] [2022-08-30T10:40:41.289Z] <<< [apiv2][body] POST https://firebase.googleapis.com/v1beta1/projects/ideapool:addFirebase {"name":"operations/workflows/NmJhNGM0NzctNTY5MS00MWY3LWI1MmItODJiY2Y5MTc5Yzlk"}
[debug] [2022-08-30T10:40:41.290Z] >>> [apiv2][query] GET https://firebase.googleapis.com/v1beta1/operations/workflows/NmJhNGM0NzctNTY5MS00MWY3LWI1MmItODJiY2Y5MTc5Yzlk [none]
[debug] [2022-08-30T10:40:42.232Z] <<< [apiv2][status] GET https://firebase.googleapis.com/v1beta1/operations/workflows/NmJhNGM0NzctNTY5MS00MWY3LWI1MmItODJiY2Y5MTc5Yzlk 200
[debug] [2022-08-30T10:40:42.232Z] <<< [apiv2][body] GET https://firebase.googleapis.com/v1beta1/operations/workflows/NmJhNGM0NzctNTY5MS00MWY3LWI1MmItODJiY2Y5MTc5Yzlk {"name":"operations/workflows/NmJhNGM0NzctNTY5MS00MWY3LWI1MmItODJiY2Y5MTc5Yzlk"}
[debug] [2022-08-30T10:40:42.743Z] [Add Firebase Poller] Retrying task index 0
[debug] [2022-08-30T10:40:42.744Z] >>> [apiv2][query] GET https://firebase.googleapis.com/v1beta1/operations/workflows/NmJhNGM0NzctNTY5MS00MWY3LWI1MmItODJiY2Y5MTc5Yzlk [none]
[debug] [2022-08-30T10:40:43.814Z] <<< [apiv2][status] GET https://firebase.googleapis.com/v1beta1/operations/workflows/NmJhNGM0NzctNTY5MS00MWY3LWI1MmItODJiY2Y5MTc5Yzlk 200
[debug] [2022-08-30T10:40:43.815Z] <<< [apiv2][body] GET https://firebase.googleapis.com/v1beta1/operations/workflows/NmJhNGM0NzctNTY5MS00MWY3LWI1MmItODJiY2Y5MTc5Yzlk {"name":"operations/workflows/NmJhNGM0NzctNTY5MS00MWY3LWI1MmItODJiY2Y5MTc5Yzlk"}
[debug] [2022-08-30T10:40:44.819Z] [Add Firebase Poller] Retrying task index 0
[debug] [2022-08-30T10:40:44.821Z] >>> [apiv2][query] GET https://firebase.googleapis.com/v1beta1/operations/workflows/NmJhNGM0NzctNTY5MS00MWY3LWI1MmItODJiY2Y5MTc5Yzlk [none]
[debug] [2022-08-30T10:40:45.902Z] <<< [apiv2][status] GET https://firebase.googleapis.com/v1beta1/operations/workflows/NmJhNGM0NzctNTY5MS00MWY3LWI1MmItODJiY2Y5MTc5Yzlk 200
[debug] [2022-08-30T10:40:45.902Z] <<< [apiv2][body] GET https://firebase.googleapis.com/v1beta1/operations/workflows/NmJhNGM0NzctNTY5MS00MWY3LWI1MmItODJiY2Y5MTc5Yzlk {"name":"operations/workflows/NmJhNGM0NzctNTY5MS00MWY3LWI1MmItODJiY2Y5MTc5Yzlk"}
[debug] [2022-08-30T10:40:47.905Z] [Add Firebase Poller] Retrying task index 0
[debug] [2022-08-30T10:40:47.906Z] >>> [apiv2][query] GET https://firebase.googleapis.com/v1beta1/operations/workflows/NmJhNGM0NzctNTY5MS00MWY3LWI1MmItODJiY2Y5MTc5Yzlk [none]
[debug] [2022-08-30T10:40:48.540Z] <<< [apiv2][status] GET https://firebase.googleapis.com/v1beta1/operations/workflows/NmJhNGM0NzctNTY5MS00MWY3LWI1MmItODJiY2Y5MTc5Yzlk 200
[debug] [2022-08-30T10:40:48.541Z] <<< [apiv2][body] GET https://firebase.googleapis.com/v1beta1/operations/workflows/NmJhNGM0NzctNTY5MS00MWY3LWI1MmItODJiY2Y5MTc5Yzlk {"name":"operations/workflows/NmJhNGM0NzctNTY5MS00MWY3LWI1MmItODJiY2Y5MTc5Yzlk"}
[debug] [2022-08-30T10:40:52.556Z] [Add Firebase Poller] Retrying task index 0
[debug] [2022-08-30T10:40:52.557Z] >>> [apiv2][query] GET https://firebase.googleapis.com/v1beta1/operations/workflows/NmJhNGM0NzctNTY5MS00MWY3LWI1MmItODJiY2Y5MTc5Yzlk [none]
[debug] [2022-08-30T10:40:53.357Z] <<< [apiv2][status] GET https://firebase.googleapis.com/v1beta1/operations/workflows/NmJhNGM0NzctNTY5MS00MWY3LWI1MmItODJiY2Y5MTc5Yzlk 200
[debug] [2022-08-30T10:40:53.358Z] <<< [apiv2][body] GET https://firebase.googleapis.com/v1beta1/operations/workflows/NmJhNGM0NzctNTY5MS00MWY3LWI1MmItODJiY2Y5MTc5Yzlk {"name":"operations/workflows/NmJhNGM0NzctNTY5MS00MWY3LWI1MmItODJiY2Y5MTc5Yzlk","done":true,"response":{"@type":"type.googleapis.com/google.firebase.service.v1beta1.FirebaseProject","projectId":"ideapool","projectNumber":"618819537689","displayName":"nodeIdeapool","name":"projects/ideapool","resources":{"hostingSite":"ideapool"}}}
[info] 
[info] === Your Firebase project is ready! ===
[info] 
[info] Project information:
[info]    - Project ID: ideapool
[info]    - Project Name: nodeIdeapool
[info] 
[info] Firebase console is available at
[info] https://console.firebase.google.com/project/ideapool/overview
[info] i  Using project ideapool (nodeIdeapool) 
[info] 
=== Hosting Setup
[info] 
[info] Your public directory is the folder (relative to your project directory) that
[info] will contain Hosting assets to be uploaded with firebase deploy. If you
[info] have a build process for your assets, use your build's output directory.
[info] 
[debug] [2022-08-30T10:57:03.202Z] >>> [apiv2][query] GET https://www.gstatic.com/firebasejs/releases.json [none]
[debug] [2022-08-30T10:57:03.492Z] <<< [apiv2][status] GET https://www.gstatic.com/firebasejs/releases.json 200
[debug] [2022-08-30T10:57:03.492Z] <<< [apiv2][body] GET https://www.gstatic.com/firebasejs/releases.json {"current":{"version":"9.9.3","browserURL":"https://www.gstatic.com/firebasejs/9.9.3/firebase.js","packageURL":"https://www.gstatic.com/firebasejs/9.9.3/firebase.tgz"},"live":{"version":"9.9","browserURL":"https://www.gstatic.com/firebasejs/live/9.9/firebase.js","packageURL":"https://www.gstatic.com/firebasejs/live/9.9/firebase.tgz"},"components":{"analytics":"https://www.gstatic.com/firebasejs/9.9.3/firebase-analytics.js","app":"https://www.gstatic.com/firebasejs/9.9.3/firebase-app.js","app-check":"https://www.gstatic.com/firebasejs/9.9.3/firebase-app-check.js","auth":"https://www.gstatic.com/firebasejs/9.9.3/firebase-auth.js","auth/cordova":"https://www.gstatic.com/firebasejs/9.9.3/firebase-auth/cordova.js","auth/react-native":"https://www.gstatic.com/firebasejs/9.9.3/firebase-auth/react-native.js","functions":"https://www.gstatic.com/firebasejs/9.9.3/firebase-functions.js","firestore":"https://www.gstatic.com/firebasejs/9.9.3/firebase-firestore.js","firestore/lite":"https://www.gstatic.com/firebasejs/9.9.3/firebase-firestore/lite.js","installations":"https://www.gstatic.com/firebasejs/9.9.3/firebase-installations.js","storage":"https://www.gstatic.com/firebasejs/9.9.3/firebase-storage.js","performance":"https://www.gstatic.com/firebasejs/9.9.3/firebase-performance.js","remote-config":"https://www.gstatic.com/firebasejs/9.9.3/firebase-remote-config.js","messaging":"https://www.gstatic.com/firebasejs/9.9.3/firebase-messaging.js","messaging/sw":"https://www.gstatic.com/firebasejs/9.9.3/firebase-messaging/sw.js","database":"https://www.gstatic.com/firebasejs/9.9.3/firebase-database.js","firestore.memory":"https://www.gstatic.com/firebasejs/9.9.3/firebase-firestore.memory.js"}}
[info] +  Wrote dist/index.html 
[info] 
[info] i  Detected a .git folder at C:\Users\BELDORE TECHNOLOGIES\Desktop\idea-pool 
[info] i  Authorizing with GitHub to upload your service account to a GitHub repository's secrets store. 
[info] 
[info] Visit this URL on this device to log in:
[info] https://github.com/login/oauth/authorize?client_id=89cf50f02ac6aaed3484&state=1044880933&redirect_uri=http%3A%2F%2Flocalhost%3A9005&scope=read%3Auser%20repo%20public_repo
[info] 
[info] Waiting for authentication...
[debug] [2022-08-30T10:57:27.347Z] >>> [apiv2][query] POST https://github.com/login/oauth/access_token [none]
[debug] [2022-08-30T10:57:27.347Z] >>> [apiv2][body] POST https://github.com/login/oauth/access_token [stream]
[debug] [2022-08-30T10:57:27.933Z] <<< [apiv2][status] POST https://github.com/login/oauth/access_token 200
[debug] [2022-08-30T10:57:27.933Z] <<< [apiv2][body] POST https://github.com/login/oauth/access_token {"access_token":"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","token_type":"bearer","scope":"read:user,repo"}
[debug] [2022-08-30T10:57:27.942Z] >>> [apiv2][query] GET https://api.github.com/user [none]
[debug] [2022-08-30T10:57:28.657Z] <<< [apiv2][status] GET https://api.github.com/user 200
[debug] [2022-08-30T10:57:28.657Z] <<< [apiv2][body] GET https://api.github.com/user {"login":"Ibrahimsaibu","id":54213635,"node_id":"MDQ6VXNlcjU0MjEzNjM1","avatar_url":"https://avatars.githubusercontent.com/u/54213635?v=4","gravatar_id":"","url":"https://api.github.com/users/Ibrahimsaibu","html_url":"https://github.com/Ibrahimsaibu","followers_url":"https://api.github.com/users/Ibrahimsaibu/followers","following_url":"https://api.github.com/users/Ibrahimsaibu/following{/other_user}","gists_url":"https://api.github.com/users/Ibrahimsaibu/gists{/gist_id}","starred_url":"https://api.github.com/users/Ibrahimsaibu/starred{/owner}{/repo}","subscriptions_url":"https://api.github.com/users/Ibrahimsaibu/subscriptions","organizations_url":"https://api.github.com/users/Ibrahimsaibu/orgs","repos_url":"https://api.github.com/users/Ibrahimsaibu/repos","events_url":"https://api.github.com/users/Ibrahimsaibu/events{/privacy}","received_events_url":"https://api.github.com/users/Ibrahimsaibu/received_events","type":"User","site_admin":false,"name":"Ibrahim","company":null,"blog":"","location":null,"email":null,"hireable":null,"bio":null,"twitter_username":null,"public_repos":14,"public_gists":0,"followers":1,"following":9,"created_at":"2019-08-17T15:14:27Z","updated_at":"2022-08-17T18:01:12Z","private_gists":3,"total_private_repos":6,"owned_private_repos":6,"disk_usage":100345,"collaborators":1,"two_factor_authentication":true,"plan":{"name":"free","space":976562499,"collaborators":0,"private_repos":10000}}
[info] 
[info] +  Success! Logged into GitHub as Ibrahimsaibu 
[info] 
